2024.08.22 10:57 B C:\85A\LAZARUS_T5\LAZ_2024\LAZ_2024\TEMPLOT5_OUTPUT\BOX-FILES\dummy.txt --> www.c7514493.myzen.co.uk /templot5_laz_backup/LAZ_2024/TEMPLOT5_OUTPUT/BOX-FILES dummy.txt
2024.08.22 10:57 B C:\85A\LAZARUS_T5\LAZ_2024\LAZ_2024\TEMPLOT5_OUTPUT\BOX-FILES\john_s4um_p4_b7.box --> www.c7514493.myzen.co.uk /templot5_laz_backup/LAZ_2024/TEMPLOT5_OUTPUT/BOX-FILES john_s4um_p4_b7.box
2024.08.22 10:57 B C:\85A\LAZARUS_T5\LAZ_2024\LAZ_2024\TEMPLOT5_OUTPUT\BOX-FILES\john_s4um_p4_b7_all.box --> www.c7514493.myzen.co.uk /templot5_laz_backup/LAZ_2024/TEMPLOT5_OUTPUT/BOX-FILES john_s4um_p4_b7_all.box
2024.08.22 10:57 B C:\85A\LAZARUS_T5\LAZ_2024\LAZ_2024\TEMPLOT5_OUTPUT\BOX-FILES\john_s4um_p4_b7_all_1.box --> www.c7514493.myzen.co.uk /templot5_laz_backup/LAZ_2024/TEMPLOT5_OUTPUT/BOX-FILES john_s4um_p4_b7_all_1.box
2024.08.22 10:57 B C:\85A\LAZARUS_T5\LAZ_2024\LAZ_2024\TEMPLOT5_OUTPUT\BOX-FILES\market_square_2024_08_05_1520_07.box --> www.c7514493.myzen.co.uk /templot5_laz_backup/LAZ_2024/TEMPLOT5_OUTPUT/BOX-FILES market_square_2024_08_05_1520_07.box
2024.08.22 10:57 B C:\85A\LAZARUS_T5\LAZ_2024\LAZ_2024\TEMPLOT5_OUTPUT\BOX-FILES\market_square_2024_08_05_1521_29.box --> www.c7514493.myzen.co.uk /templot5_laz_backup/LAZ_2024/TEMPLOT5_OUTPUT/BOX-FILES market_square_2024_08_05_1521_29.box
2024.08.22 10:57 B C:\85A\LAZARUS_T5\LAZ_2024\LAZ_2024\TEMPLOT5_OUTPUT\BOX-FILES\market_square_2024_08_05_1525_58.box --> www.c7514493.myzen.co.uk /templot5_laz_backup/LAZ_2024/TEMPLOT5_OUTPUT/BOX-FILES market_square_2024_08_05_1525_58.box
2024.08.22 10:57 B C:\85A\LAZARUS_T5\LAZ_2024\LAZ_2024\TEMPLOT5_OUTPUT\BOX-FILES\market_square_2024_08_05_1527_16.box --> www.c7514493.myzen.co.uk /templot5_laz_backup/LAZ_2024/TEMPLOT5_OUTPUT/BOX-FILES market_square_2024_08_05_1527_16.box
2024.08.22 10:57 B C:\85A\LAZARUS_T5\LAZ_2024\LAZ_2024\TEMPLOT5_OUTPUT\BOX-FILES\market_square_2024_08_05_1614_28.box --> www.c7514493.myzen.co.uk /templot5_laz_backup/LAZ_2024/TEMPLOT5_OUTPUT/BOX-FILES market_square_2024_08_05_1614_28.box
2024.08.22 10:57 B C:\85A\LAZARUS_T5\LAZ_2024\LAZ_2024\TEMPLOT5_OUTPUT\BOX-FILES\market_square_2024_08_05_1621_35.box --> www.c7514493.myzen.co.uk /templot5_laz_backup/LAZ_2024/TEMPLOT5_OUTPUT/BOX-FILES market_square_2024_08_05_1621_35.box
2024.08.22 10:57 B C:\85A\LAZARUS_T5\LAZ_2024\LAZ_2024\TEMPLOT5_OUTPUT\BOX-FILES\market_square_2024_08_05_1627_17.box --> www.c7514493.myzen.co.uk /templot5_laz_backup/LAZ_2024/TEMPLOT5_OUTPUT/BOX-FILES market_square_2024_08_05_1627_17.box
2024.08.22 10:57 B C:\85A\LAZARUS_T5\LAZ_2024\LAZ_2024\TEMPLOT5_OUTPUT\BOX-FILES\market_square_2024_08_05_1643_04.box --> www.c7514493.myzen.co.uk /templot5_laz_backup/LAZ_2024/TEMPLOT5_OUTPUT/BOX-FILES market_square_2024_08_05_1643_04.box
2024.08.22 10:57 B C:\85A\LAZARUS_T5\LAZ_2024\LAZ_2024\TEMPLOT5_OUTPUT\BOX-FILES\market_square_2024_08_05_1658_24.box --> www.c7514493.myzen.co.uk /templot5_laz_backup/LAZ_2024/TEMPLOT5_OUTPUT/BOX-FILES market_square_2024_08_05_1658_24.box
2024.08.22 10:57 B C:\85A\LAZARUS_T5\LAZ_2024\LAZ_2024\TEMPLOT5_OUTPUT\BOX-FILES\market_square_2024_08_05_2129_49.box --> www.c7514493.myzen.co.uk /templot5_laz_backup/LAZ_2024/TEMPLOT5_OUTPUT/BOX-FILES market_square_2024_08_05_2129_49.box
2024.08.22 10:57 B C:\85A\LAZARUS_T5\LAZ_2024\LAZ_2024\TEMPLOT5_OUTPUT\BOX-FILES\market_square_2024_08_05_2133_04.box --> www.c7514493.myzen.co.uk /templot5_laz_backup/LAZ_2024/TEMPLOT5_OUTPUT/BOX-FILES market_square_2024_08_05_2133_04.box
2024.08.22 10:57 B C:\85A\LAZARUS_T5\LAZ_2024\LAZ_2024\TEMPLOT5_OUTPUT\BOX-FILES\market_square_2024_08_05_2142_59.box --> www.c7514493.myzen.co.uk /templot5_laz_backup/LAZ_2024/TEMPLOT5_OUTPUT/BOX-FILES market_square_2024_08_05_2142_59.box
2024.08.22 10:57 B C:\85A\LAZARUS_T5\LAZ_2024\LAZ_2024\TEMPLOT5_OUTPUT\BOX-FILES\market_square_2024_08_05_2151_34.box --> www.c7514493.myzen.co.uk /templot5_laz_backup/LAZ_2024/TEMPLOT5_OUTPUT/BOX-FILES market_square_2024_08_05_2151_34.box
2024.08.22 10:57 B C:\85A\LAZARUS_T5\LAZ_2024\LAZ_2024\TEMPLOT5_OUTPUT\BOX-FILES\market_square_2024_08_05_2159_00.box --> www.c7514493.myzen.co.uk /templot5_laz_backup/LAZ_2024/TEMPLOT5_OUTPUT/BOX-FILES market_square_2024_08_05_2159_00.box
2024.08.22 10:58 B C:\85A\LAZARUS_T5\LAZ_2024\LAZ_2024\TEMPLOT5_OUTPUT\BOX-FILES\market_square_2024_08_05_2248_07.box --> www.c7514493.myzen.co.uk /templot5_laz_backup/LAZ_2024/TEMPLOT5_OUTPUT/BOX-FILES market_square_2024_08_05_2248_07.box
2024.08.22 10:58 B C:\85A\LAZARUS_T5\LAZ_2024\LAZ_2024\TEMPLOT5_OUTPUT\BOX-FILES\market_square_2024_08_05_2250_58.box --> www.c7514493.myzen.co.uk /templot5_laz_backup/LAZ_2024/TEMPLOT5_OUTPUT/BOX-FILES market_square_2024_08_05_2250_58.box
2024.08.22 10:58 B C:\85A\LAZARUS_T5\LAZ_2024\LAZ_2024\TEMPLOT5_OUTPUT\BOX-FILES\market_square_2024_08_05_2325_53.box --> www.c7514493.myzen.co.uk /templot5_laz_backup/LAZ_2024/TEMPLOT5_OUTPUT/BOX-FILES market_square_2024_08_05_2325_53.box
2024.08.22 10:58 B C:\85A\LAZARUS_T5\LAZ_2024\LAZ_2024\TEMPLOT5_OUTPUT\BOX-FILES\market_square_2024_08_05_2337_43.box --> www.c7514493.myzen.co.uk /templot5_laz_backup/LAZ_2024/TEMPLOT5_OUTPUT/BOX-FILES market_square_2024_08_05_2337_43.box
2024.08.22 10:58 B C:\85A\LAZARUS_T5\LAZ_2024\LAZ_2024\TEMPLOT5_OUTPUT\BOX-FILES\market_square_2024_08_05_2352_17.box --> www.c7514493.myzen.co.uk /templot5_laz_backup/LAZ_2024/TEMPLOT5_OUTPUT/BOX-FILES market_square_2024_08_05_2352_17.box
2024.08.22 10:58 B C:\85A\LAZARUS_T5\LAZ_2024\LAZ_2024\TEMPLOT5_OUTPUT\BOX-FILES\market_square_2024_08_05_2353_33.box --> www.c7514493.myzen.co.uk /templot5_laz_backup/LAZ_2024/TEMPLOT5_OUTPUT/BOX-FILES market_square_2024_08_05_2353_33.box
2024.08.22 10:58 B C:\85A\LAZARUS_T5\LAZ_2024\LAZ_2024\TEMPLOT5_OUTPUT\BOX-FILES\market_square_2024_08_06_0742_52.box --> www.c7514493.myzen.co.uk /templot5_laz_backup/LAZ_2024/TEMPLOT5_OUTPUT/BOX-FILES market_square_2024_08_06_0742_52.box
2024.08.22 10:58 B C:\85A\LAZARUS_T5\LAZ_2024\LAZ_2024\TEMPLOT5_OUTPUT\BOX-FILES\market_square_2024_08_18_0822_18.box --> www.c7514493.myzen.co.uk /templot5_laz_backup/LAZ_2024/TEMPLOT5_OUTPUT/BOX-FILES market_square_2024_08_18_0822_18.box
2024.08.22 10:58 B C:\85A\LAZARUS_T5\LAZ_2024\LAZ_2024\TEMPLOT5_OUTPUT\BOX-FILES\market_square_2024_08_21_1444_05.box --> www.c7514493.myzen.co.uk /templot5_laz_backup/LAZ_2024/TEMPLOT5_OUTPUT/BOX-FILES market_square_2024_08_21_1444_05.box
2024.08.22 10:58 B C:\85A\LAZARUS_T5\LAZ_2024\LAZ_2024\TEMPLOT5_OUTPUT\BOX-FILES\market_square_2024_08_21_1551_34.box --> www.c7514493.myzen.co.uk /templot5_laz_backup/LAZ_2024/TEMPLOT5_OUTPUT/BOX-FILES market_square_2024_08_21_1551_34.box
