2024.08.22 10:59 B C:\85A\LAZARUS_T5\LAZ_2024\LAZ_2024\TEMPLOT5_OUTPUT\STL-FILES-RAW\dummy.txt --> www.c7514493.myzen.co.uk /templot5_laz_backup/LAZ_2024/TEMPLOT5_OUTPUT/STL-FILES-RAW dummy.txt
2024.08.22 10:59 B C:\85A\LAZARUS_T5\LAZ_2024\LAZ_2024\TEMPLOT5_OUTPUT\STL-FILES-RAW\em_exit_test.stl --> www.c7514493.myzen.co.uk /templot5_laz_backup/LAZ_2024/TEMPLOT5_OUTPUT/STL-FILES-RAW em_exit_test.stl
2024.08.22 10:59 B C:\85A\LAZARUS_T5\LAZ_2024\LAZ_2024\TEMPLOT5_OUTPUT\STL-FILES-RAW\john_s4um_p4_b7_both.stl --> www.c7514493.myzen.co.uk /templot5_laz_backup/LAZ_2024/TEMPLOT5_OUTPUT/STL-FILES-RAW john_s4um_p4_b7_both.stl
2024.08.22 10:59 B C:\85A\LAZARUS_T5\LAZ_2024\LAZ_2024\TEMPLOT5_OUTPUT\STL-FILES-RAW\john_s4um_test.stl --> www.c7514493.myzen.co.uk /templot5_laz_backup/LAZ_2024/TEMPLOT5_OUTPUT/STL-FILES-RAW john_s4um_test.stl
2024.08.22 11:00 B C:\85A\LAZARUS_T5\LAZ_2024\LAZ_2024\TEMPLOT5_OUTPUT\STL-FILES-RAW\market_square_24_08_01_0614_10.stl --> www.c7514493.myzen.co.uk /templot5_laz_backup/LAZ_2024/TEMPLOT5_OUTPUT/STL-FILES-RAW market_square_24_08_01_0614_10.stl
2024.08.22 11:00 B C:\85A\LAZARUS_T5\LAZ_2024\LAZ_2024\TEMPLOT5_OUTPUT\STL-FILES-RAW\market_square_24_08_01_0624_35.stl --> www.c7514493.myzen.co.uk /templot5_laz_backup/LAZ_2024/TEMPLOT5_OUTPUT/STL-FILES-RAW market_square_24_08_01_0624_35.stl
2024.08.22 11:01 B C:\85A\LAZARUS_T5\LAZ_2024\LAZ_2024\TEMPLOT5_OUTPUT\STL-FILES-RAW\market_square_24_08_17_2137_22.stl --> www.c7514493.myzen.co.uk /templot5_laz_backup/LAZ_2024/TEMPLOT5_OUTPUT/STL-FILES-RAW market_square_24_08_17_2137_22.stl
2024.08.22 11:01 B C:\85A\LAZARUS_T5\LAZ_2024\LAZ_2024\TEMPLOT5_OUTPUT\STL-FILES-RAW\market_square_24_08_18_1126_39.stl --> www.c7514493.myzen.co.uk /templot5_laz_backup/LAZ_2024/TEMPLOT5_OUTPUT/STL-FILES-RAW market_square_24_08_18_1126_39.stl
2024.08.22 11:01 B C:\85A\LAZARUS_T5\LAZ_2024\LAZ_2024\TEMPLOT5_OUTPUT\STL-FILES-RAW\market_square_24_08_18_2326_28.stl --> www.c7514493.myzen.co.uk /templot5_laz_backup/LAZ_2024/TEMPLOT5_OUTPUT/STL-FILES-RAW market_square_24_08_18_2326_28.stl
2024.08.22 11:01 B C:\85A\LAZARUS_T5\LAZ_2024\LAZ_2024\TEMPLOT5_OUTPUT\STL-FILES-RAW\market_square_24_08_20_2320_43.stl --> www.c7514493.myzen.co.uk /templot5_laz_backup/LAZ_2024/TEMPLOT5_OUTPUT/STL-FILES-RAW market_square_24_08_20_2320_43.stl
2024.08.22 11:01 B C:\85A\LAZARUS_T5\LAZ_2024\LAZ_2024\TEMPLOT5_OUTPUT\STL-FILES-RAW\market_square_24_08_20_2344_22.stl --> www.c7514493.myzen.co.uk /templot5_laz_backup/LAZ_2024/TEMPLOT5_OUTPUT/STL-FILES-RAW market_square_24_08_20_2344_22.stl
2024.08.22 11:01 B C:\85A\LAZARUS_T5\LAZ_2024\LAZ_2024\TEMPLOT5_OUTPUT\STL-FILES-RAW\market_square_24_08_20_2354_08.stl --> www.c7514493.myzen.co.uk /templot5_laz_backup/LAZ_2024/TEMPLOT5_OUTPUT/STL-FILES-RAW market_square_24_08_20_2354_08.stl
2024.08.22 11:01 B C:\85A\LAZARUS_T5\LAZ_2024\LAZ_2024\TEMPLOT5_OUTPUT\STL-FILES-RAW\market_square_24_08_21_0035_51.stl --> www.c7514493.myzen.co.uk /templot5_laz_backup/LAZ_2024/TEMPLOT5_OUTPUT/STL-FILES-RAW market_square_24_08_21_0035_51.stl
2024.08.22 11:01 B C:\85A\LAZARUS_T5\LAZ_2024\LAZ_2024\TEMPLOT5_OUTPUT\STL-FILES-RAW\market_square_24_08_21_0043_42.stl --> www.c7514493.myzen.co.uk /templot5_laz_backup/LAZ_2024/TEMPLOT5_OUTPUT/STL-FILES-RAW market_square_24_08_21_0043_42.stl
2024.08.22 11:01 B C:\85A\LAZARUS_T5\LAZ_2024\LAZ_2024\TEMPLOT5_OUTPUT\STL-FILES-RAW\market_square_24_08_21_0055_20.stl --> www.c7514493.myzen.co.uk /templot5_laz_backup/LAZ_2024/TEMPLOT5_OUTPUT/STL-FILES-RAW market_square_24_08_21_0055_20.stl
2024.08.22 11:01 B C:\85A\LAZARUS_T5\LAZ_2024\LAZ_2024\TEMPLOT5_OUTPUT\STL-FILES-RAW\market_square_24_08_21_1555_06.stl --> www.c7514493.myzen.co.uk /templot5_laz_backup/LAZ_2024/TEMPLOT5_OUTPUT/STL-FILES-RAW market_square_24_08_21_1555_06.stl
2024.08.22 11:01 B C:\85A\LAZARUS_T5\LAZ_2024\LAZ_2024\TEMPLOT5_OUTPUT\STL-FILES-RAW\market_square_24_08_22_0137_50.stl --> www.c7514493.myzen.co.uk /templot5_laz_backup/LAZ_2024/TEMPLOT5_OUTPUT/STL-FILES-RAW market_square_24_08_22_0137_50.stl
2024.08.22 11:01 B C:\85A\LAZARUS_T5\LAZ_2024\LAZ_2024\TEMPLOT5_OUTPUT\STL-FILES-RAW\market_square_24_08_22_0845_00.stl --> www.c7514493.myzen.co.uk /templot5_laz_backup/LAZ_2024/TEMPLOT5_OUTPUT/STL-FILES-RAW market_square_24_08_22_0845_00.stl
2024.08.22 11:01 B C:\85A\LAZARUS_T5\LAZ_2024\LAZ_2024\TEMPLOT5_OUTPUT\STL-FILES-RAW\market_square_24_08_22_0853_48.stl --> www.c7514493.myzen.co.uk /templot5_laz_backup/LAZ_2024/TEMPLOT5_OUTPUT/STL-FILES-RAW market_square_24_08_22_0853_48.stl
2024.08.22 11:01 B C:\85A\LAZARUS_T5\LAZ_2024\LAZ_2024\TEMPLOT5_OUTPUT\STL-FILES-RAW\market_square_24_08_22_0855_36.stl --> www.c7514493.myzen.co.uk /templot5_laz_backup/LAZ_2024/TEMPLOT5_OUTPUT/STL-FILES-RAW market_square_24_08_22_0855_36.stl
2024.08.22 11:01 B C:\85A\LAZARUS_T5\LAZ_2024\LAZ_2024\TEMPLOT5_OUTPUT\STL-FILES-RAW\market_square_24_08_22_0940_59.stl --> www.c7514493.myzen.co.uk /templot5_laz_backup/LAZ_2024/TEMPLOT5_OUTPUT/STL-FILES-RAW market_square_24_08_22_0940_59.stl
2024.08.22 11:01 B C:\85A\LAZARUS_T5\LAZ_2024\LAZ_2024\TEMPLOT5_OUTPUT\STL-FILES-RAW\socket_wider.stl --> www.c7514493.myzen.co.uk /templot5_laz_backup/LAZ_2024/TEMPLOT5_OUTPUT/STL-FILES-RAW socket_wider.stl
2024.08.22 11:01 B C:\85A\LAZARUS_T5\LAZ_2024\LAZ_2024\TEMPLOT5_OUTPUT\STL-FILES-RAW\test_0p09.stl --> www.c7514493.myzen.co.uk /templot5_laz_backup/LAZ_2024/TEMPLOT5_OUTPUT/STL-FILES-RAW test_0p09.stl
