2024.08.22 10:57 B C:\85A\LAZARUS_T5\LAZ_2024\LAZ_2024\synapse_units\asn1util.pas --> www.c7514493.myzen.co.uk /templot5_laz_backup/LAZ_2024/synapse_units asn1util.pas
2024.08.22 10:57 B C:\85A\LAZARUS_T5\LAZ_2024\LAZ_2024\synapse_units\blcksock.pas --> www.c7514493.myzen.co.uk /templot5_laz_backup/LAZ_2024/synapse_units blcksock.pas
2024.08.22 10:57 B C:\85A\LAZARUS_T5\LAZ_2024\LAZ_2024\synapse_units\clamsend.pas --> www.c7514493.myzen.co.uk /templot5_laz_backup/LAZ_2024/synapse_units clamsend.pas
2024.08.22 10:57 B C:\85A\LAZARUS_T5\LAZ_2024\LAZ_2024\synapse_units\dnssend.pas --> www.c7514493.myzen.co.uk /templot5_laz_backup/LAZ_2024/synapse_units dnssend.pas
2024.08.22 10:57 B C:\85A\LAZARUS_T5\LAZ_2024\LAZ_2024\synapse_units\ftpsend.pas --> www.c7514493.myzen.co.uk /templot5_laz_backup/LAZ_2024/synapse_units ftpsend.pas
2024.08.22 10:57 B C:\85A\LAZARUS_T5\LAZ_2024\LAZ_2024\synapse_units\ftptsend.pas --> www.c7514493.myzen.co.uk /templot5_laz_backup/LAZ_2024/synapse_units ftptsend.pas
2024.08.22 10:57 B C:\85A\LAZARUS_T5\LAZ_2024\LAZ_2024\synapse_units\httpsend.pas --> www.c7514493.myzen.co.uk /templot5_laz_backup/LAZ_2024/synapse_units httpsend.pas
2024.08.22 10:57 B C:\85A\LAZARUS_T5\LAZ_2024\LAZ_2024\synapse_units\imapsend.pas --> www.c7514493.myzen.co.uk /templot5_laz_backup/LAZ_2024/synapse_units imapsend.pas
2024.08.22 10:57 B C:\85A\LAZARUS_T5\LAZ_2024\LAZ_2024\synapse_units\laz_synapse.pas --> www.c7514493.myzen.co.uk /templot5_laz_backup/LAZ_2024/synapse_units laz_synapse.pas
2024.08.22 10:57 B C:\85A\LAZARUS_T5\LAZ_2024\LAZ_2024\synapse_units\ldapsend.pas --> www.c7514493.myzen.co.uk /templot5_laz_backup/LAZ_2024/synapse_units ldapsend.pas
2024.08.22 10:57 B C:\85A\LAZARUS_T5\LAZ_2024\LAZ_2024\synapse_units\licence.txt --> www.c7514493.myzen.co.uk /templot5_laz_backup/LAZ_2024/synapse_units licence.txt
2024.08.22 10:57 B C:\85A\LAZARUS_T5\LAZ_2024\LAZ_2024\synapse_units\mimeinln.pas --> www.c7514493.myzen.co.uk /templot5_laz_backup/LAZ_2024/synapse_units mimeinln.pas
2024.08.22 10:57 B C:\85A\LAZARUS_T5\LAZ_2024\LAZ_2024\synapse_units\mimemess.pas --> www.c7514493.myzen.co.uk /templot5_laz_backup/LAZ_2024/synapse_units mimemess.pas
2024.08.22 10:57 B C:\85A\LAZARUS_T5\LAZ_2024\LAZ_2024\synapse_units\mimepart.pas --> www.c7514493.myzen.co.uk /templot5_laz_backup/LAZ_2024/synapse_units mimepart.pas
2024.08.22 10:57 B C:\85A\LAZARUS_T5\LAZ_2024\LAZ_2024\synapse_units\nntpsend.pas --> www.c7514493.myzen.co.uk /templot5_laz_backup/LAZ_2024/synapse_units nntpsend.pas
2024.08.22 10:57 B C:\85A\LAZARUS_T5\LAZ_2024\LAZ_2024\synapse_units\pingsend.pas --> www.c7514493.myzen.co.uk /templot5_laz_backup/LAZ_2024/synapse_units pingsend.pas
2024.08.22 10:57 B C:\85A\LAZARUS_T5\LAZ_2024\LAZ_2024\synapse_units\pop3send.pas --> www.c7514493.myzen.co.uk /templot5_laz_backup/LAZ_2024/synapse_units pop3send.pas
2024.08.22 10:57 B C:\85A\LAZARUS_T5\LAZ_2024\LAZ_2024\synapse_units\slogsend.pas --> www.c7514493.myzen.co.uk /templot5_laz_backup/LAZ_2024/synapse_units slogsend.pas
2024.08.22 10:57 B C:\85A\LAZARUS_T5\LAZ_2024\LAZ_2024\synapse_units\smtpsend.pas --> www.c7514493.myzen.co.uk /templot5_laz_backup/LAZ_2024/synapse_units smtpsend.pas
2024.08.22 10:57 B C:\85A\LAZARUS_T5\LAZ_2024\LAZ_2024\synapse_units\snmpsend.pas --> www.c7514493.myzen.co.uk /templot5_laz_backup/LAZ_2024/synapse_units snmpsend.pas
2024.08.22 10:57 B C:\85A\LAZARUS_T5\LAZ_2024\LAZ_2024\synapse_units\sntpsend.pas --> www.c7514493.myzen.co.uk /templot5_laz_backup/LAZ_2024/synapse_units sntpsend.pas
2024.08.22 10:57 B C:\85A\LAZARUS_T5\LAZ_2024\LAZ_2024\synapse_units\ssdotnet.inc --> www.c7514493.myzen.co.uk /templot5_laz_backup/LAZ_2024/synapse_units ssdotnet.inc
2024.08.22 10:57 B C:\85A\LAZARUS_T5\LAZ_2024\LAZ_2024\synapse_units\ssfpc.inc --> www.c7514493.myzen.co.uk /templot5_laz_backup/LAZ_2024/synapse_units ssfpc.inc
2024.08.22 10:57 B C:\85A\LAZARUS_T5\LAZ_2024\LAZ_2024\synapse_units\ssl_cryptlib.pas --> www.c7514493.myzen.co.uk /templot5_laz_backup/LAZ_2024/synapse_units ssl_cryptlib.pas
2024.08.22 10:57 B C:\85A\LAZARUS_T5\LAZ_2024\LAZ_2024\synapse_units\ssl_openssl.pas --> www.c7514493.myzen.co.uk /templot5_laz_backup/LAZ_2024/synapse_units ssl_openssl.pas
2024.08.22 10:57 B C:\85A\LAZARUS_T5\LAZ_2024\LAZ_2024\synapse_units\ssl_openssl_lib.pas --> www.c7514493.myzen.co.uk /templot5_laz_backup/LAZ_2024/synapse_units ssl_openssl_lib.pas
2024.08.22 10:57 B C:\85A\LAZARUS_T5\LAZ_2024\LAZ_2024\synapse_units\ssl_sbb.pas --> www.c7514493.myzen.co.uk /templot5_laz_backup/LAZ_2024/synapse_units ssl_sbb.pas
2024.08.22 10:57 B C:\85A\LAZARUS_T5\LAZ_2024\LAZ_2024\synapse_units\ssl_streamsec.pas --> www.c7514493.myzen.co.uk /templot5_laz_backup/LAZ_2024/synapse_units ssl_streamsec.pas
2024.08.22 10:57 B C:\85A\LAZARUS_T5\LAZ_2024\LAZ_2024\synapse_units\sslinux.inc --> www.c7514493.myzen.co.uk /templot5_laz_backup/LAZ_2024/synapse_units sslinux.inc
2024.08.22 10:57 B C:\85A\LAZARUS_T5\LAZ_2024\LAZ_2024\synapse_units\sswin32.inc --> www.c7514493.myzen.co.uk /templot5_laz_backup/LAZ_2024/synapse_units sswin32.inc
2024.08.22 10:57 B C:\85A\LAZARUS_T5\LAZ_2024\LAZ_2024\synapse_units\synachar.pas --> www.c7514493.myzen.co.uk /templot5_laz_backup/LAZ_2024/synapse_units synachar.pas
2024.08.22 10:57 B C:\85A\LAZARUS_T5\LAZ_2024\LAZ_2024\synapse_units\synacode.pas --> www.c7514493.myzen.co.uk /templot5_laz_backup/LAZ_2024/synapse_units synacode.pas
2024.08.22 10:57 B C:\85A\LAZARUS_T5\LAZ_2024\LAZ_2024\synapse_units\synacrypt.pas --> www.c7514493.myzen.co.uk /templot5_laz_backup/LAZ_2024/synapse_units synacrypt.pas
2024.08.22 10:57 B C:\85A\LAZARUS_T5\LAZ_2024\LAZ_2024\synapse_units\synadbg.pas --> www.c7514493.myzen.co.uk /templot5_laz_backup/LAZ_2024/synapse_units synadbg.pas
2024.08.22 10:57 B C:\85A\LAZARUS_T5\LAZ_2024\LAZ_2024\synapse_units\synafpc.pas --> www.c7514493.myzen.co.uk /templot5_laz_backup/LAZ_2024/synapse_units synafpc.pas
2024.08.22 10:57 B C:\85A\LAZARUS_T5\LAZ_2024\LAZ_2024\synapse_units\synaicnv.pas --> www.c7514493.myzen.co.uk /templot5_laz_backup/LAZ_2024/synapse_units synaicnv.pas
2024.08.22 10:57 B C:\85A\LAZARUS_T5\LAZ_2024\LAZ_2024\synapse_units\synaip.pas --> www.c7514493.myzen.co.uk /templot5_laz_backup/LAZ_2024/synapse_units synaip.pas
2024.08.22 10:57 B C:\85A\LAZARUS_T5\LAZ_2024\LAZ_2024\synapse_units\synamisc.pas --> www.c7514493.myzen.co.uk /templot5_laz_backup/LAZ_2024/synapse_units synamisc.pas
2024.08.22 10:57 B C:\85A\LAZARUS_T5\LAZ_2024\LAZ_2024\synapse_units\synaser.pas --> www.c7514493.myzen.co.uk /templot5_laz_backup/LAZ_2024/synapse_units synaser.pas
2024.08.22 10:57 B C:\85A\LAZARUS_T5\LAZ_2024\LAZ_2024\synapse_units\synautil.pas --> www.c7514493.myzen.co.uk /templot5_laz_backup/LAZ_2024/synapse_units synautil.pas
2024.08.22 10:57 B C:\85A\LAZARUS_T5\LAZ_2024\LAZ_2024\synapse_units\synsock.pas --> www.c7514493.myzen.co.uk /templot5_laz_backup/LAZ_2024/synapse_units synsock.pas
2024.08.22 10:57 B C:\85A\LAZARUS_T5\LAZ_2024\LAZ_2024\synapse_units\tlntsend.pas --> www.c7514493.myzen.co.uk /templot5_laz_backup/LAZ_2024/synapse_units tlntsend.pas
