2024.08.22 10:58 B C:\85A\LAZARUS_T5\LAZ_2024\LAZ_2024\TEMPLOT5_OUTPUT\internal\hlp\adobe_print_dialog.png --> www.c7514493.myzen.co.uk /templot5_laz_backup/LAZ_2024/TEMPLOT5_OUTPUT/internal/hlp adobe_print_dialog.png
2024.08.22 10:58 B C:\85A\LAZARUS_T5\LAZ_2024\LAZ_2024\TEMPLOT5_OUTPUT\internal\hlp\b6_startup.gif --> www.c7514493.myzen.co.uk /templot5_laz_backup/LAZ_2024/TEMPLOT5_OUTPUT/internal/hlp b6_startup.gif
2024.08.22 10:58 B C:\85A\LAZARUS_T5\LAZ_2024\LAZ_2024\TEMPLOT5_OUTPUT\internal\hlp\centres_must_not_cross.png --> www.c7514493.myzen.co.uk /templot5_laz_backup/LAZ_2024/TEMPLOT5_OUTPUT/internal/hlp centres_must_not_cross.png
2024.08.22 10:58 B C:\85A\LAZARUS_T5\LAZ_2024\LAZ_2024\TEMPLOT5_OUTPUT\internal\hlp\companion_taskbar.png --> www.c7514493.myzen.co.uk /templot5_laz_backup/LAZ_2024/TEMPLOT5_OUTPUT/internal/hlp companion_taskbar.png
2024.08.22 10:58 B C:\85A\LAZARUS_T5\LAZ_2024\LAZ_2024\TEMPLOT5_OUTPUT\internal\hlp\full_screen.png --> www.c7514493.myzen.co.uk /templot5_laz_backup/LAZ_2024/TEMPLOT5_OUTPUT/internal/hlp full_screen.png
2024.08.22 10:58 B C:\85A\LAZARUS_T5\LAZ_2024\LAZ_2024\TEMPLOT5_OUTPUT\internal\hlp\green_helmet.gif --> www.c7514493.myzen.co.uk /templot5_laz_backup/LAZ_2024/TEMPLOT5_OUTPUT/internal/hlp green_helmet.gif
2024.08.22 10:58 B C:\85A\LAZARUS_T5\LAZ_2024\LAZ_2024\TEMPLOT5_OUTPUT\internal\hlp\link_view.png --> www.c7514493.myzen.co.uk /templot5_laz_backup/LAZ_2024/TEMPLOT5_OUTPUT/internal/hlp link_view.png
2024.08.22 10:58 B C:\85A\LAZARUS_T5\LAZ_2024\LAZ_2024\TEMPLOT5_OUTPUT\internal\hlp\make_simple1_476x136.png --> www.c7514493.myzen.co.uk /templot5_laz_backup/LAZ_2024/TEMPLOT5_OUTPUT/internal/hlp make_simple1_476x136.png
2024.08.22 10:58 B C:\85A\LAZARUS_T5\LAZ_2024\LAZ_2024\TEMPLOT5_OUTPUT\internal\hlp\make_simple2_476x136.png --> www.c7514493.myzen.co.uk /templot5_laz_backup/LAZ_2024/TEMPLOT5_OUTPUT/internal/hlp make_simple2_476x136.png
2024.08.22 10:58 B C:\85A\LAZARUS_T5\LAZ_2024\LAZ_2024\TEMPLOT5_OUTPUT\internal\hlp\output_menu.png --> www.c7514493.myzen.co.uk /templot5_laz_backup/LAZ_2024/TEMPLOT5_OUTPUT/internal/hlp output_menu.png
2024.08.22 10:58 B C:\85A\LAZARUS_T5\LAZ_2024\LAZ_2024\TEMPLOT5_OUTPUT\internal\hlp\pad_colours.gif --> www.c7514493.myzen.co.uk /templot5_laz_backup/LAZ_2024/TEMPLOT5_OUTPUT/internal/hlp pad_colours.gif
2024.08.22 10:58 B C:\85A\LAZARUS_T5\LAZ_2024\LAZ_2024\TEMPLOT5_OUTPUT\internal\hlp\rail_numbers_312x180.png --> www.c7514493.myzen.co.uk /templot5_laz_backup/LAZ_2024/TEMPLOT5_OUTPUT/internal/hlp rail_numbers_312x180.png
2024.08.22 10:58 B C:\85A\LAZARUS_T5\LAZ_2024\LAZ_2024\TEMPLOT5_OUTPUT\internal\hlp\read_me.txt --> www.c7514493.myzen.co.uk /templot5_laz_backup/LAZ_2024/TEMPLOT5_OUTPUT/internal/hlp read_me.txt
2024.08.22 10:58 B C:\85A\LAZARUS_T5\LAZ_2024\LAZ_2024\TEMPLOT5_OUTPUT\internal\hlp\red_pointer.gif --> www.c7514493.myzen.co.uk /templot5_laz_backup/LAZ_2024/TEMPLOT5_OUTPUT/internal/hlp red_pointer.gif
2024.08.22 10:58 B C:\85A\LAZARUS_T5\LAZ_2024\LAZ_2024\TEMPLOT5_OUTPUT\internal\hlp\redo_changes.png --> www.c7514493.myzen.co.uk /templot5_laz_backup/LAZ_2024/TEMPLOT5_OUTPUT/internal/hlp redo_changes.png
2024.08.22 10:58 B C:\85A\LAZARUS_T5\LAZ_2024\LAZ_2024\TEMPLOT5_OUTPUT\internal\hlp\saved_prefs.gif --> www.c7514493.myzen.co.uk /templot5_laz_backup/LAZ_2024/TEMPLOT5_OUTPUT/internal/hlp saved_prefs.gif
2024.08.22 10:58 B C:\85A\LAZARUS_T5\LAZ_2024\LAZ_2024\TEMPLOT5_OUTPUT\internal\hlp\saved_prefs.png --> www.c7514493.myzen.co.uk /templot5_laz_backup/LAZ_2024/TEMPLOT5_OUTPUT/internal/hlp saved_prefs.png
2024.08.22 10:58 B C:\85A\LAZARUS_T5\LAZ_2024\LAZ_2024\TEMPLOT5_OUTPUT\internal\hlp\sb_show_items.png --> www.c7514493.myzen.co.uk /templot5_laz_backup/LAZ_2024/TEMPLOT5_OUTPUT/internal/hlp sb_show_items.png
2024.08.22 10:58 B C:\85A\LAZARUS_T5\LAZ_2024\LAZ_2024\TEMPLOT5_OUTPUT\internal\hlp\scangear_dpi.png --> www.c7514493.myzen.co.uk /templot5_laz_backup/LAZ_2024/TEMPLOT5_OUTPUT/internal/hlp scangear_dpi.png
2024.08.22 10:58 B C:\85A\LAZARUS_T5\LAZ_2024\LAZ_2024\TEMPLOT5_OUTPUT\internal\hlp\script_error.png --> www.c7514493.myzen.co.uk /templot5_laz_backup/LAZ_2024/TEMPLOT5_OUTPUT/internal/hlp script_error.png
2024.08.22 10:58 B C:\85A\LAZARUS_T5\LAZ_2024\LAZ_2024\TEMPLOT5_OUTPUT\internal\hlp\sketchboard_sample.gif --> www.c7514493.myzen.co.uk /templot5_laz_backup/LAZ_2024/TEMPLOT5_OUTPUT/internal/hlp sketchboard_sample.gif
2024.08.22 10:58 B C:\85A\LAZARUS_T5\LAZ_2024\LAZ_2024\TEMPLOT5_OUTPUT\internal\hlp\smile.gif --> www.c7514493.myzen.co.uk /templot5_laz_backup/LAZ_2024/TEMPLOT5_OUTPUT/internal/hlp smile.gif
2024.08.22 10:58 B C:\85A\LAZARUS_T5\LAZ_2024\LAZ_2024\TEMPLOT5_OUTPUT\internal\hlp\store_bgnd_options.png --> www.c7514493.myzen.co.uk /templot5_laz_backup/LAZ_2024/TEMPLOT5_OUTPUT/internal/hlp store_bgnd_options.png
2024.08.22 10:58 B C:\85A\LAZARUS_T5\LAZ_2024\LAZ_2024\TEMPLOT5_OUTPUT\internal\hlp\templot2_logo_shadow_262_74_8bit.png --> www.c7514493.myzen.co.uk /templot5_laz_backup/LAZ_2024/TEMPLOT5_OUTPUT/internal/hlp templot2_logo_shadow_262_74_8bit.png
2024.08.22 10:58 B C:\85A\LAZARUS_T5\LAZ_2024\LAZ_2024\TEMPLOT5_OUTPUT\internal\hlp\templot_logo_blue_trans.gif --> www.c7514493.myzen.co.uk /templot5_laz_backup/LAZ_2024/TEMPLOT5_OUTPUT/internal/hlp templot_logo_blue_trans.gif
2024.08.22 10:58 B C:\85A\LAZARUS_T5\LAZ_2024\LAZ_2024\TEMPLOT5_OUTPUT\internal\hlp\Thumbs.db --> www.c7514493.myzen.co.uk /templot5_laz_backup/LAZ_2024/TEMPLOT5_OUTPUT/internal/hlp Thumbs.db
2024.08.22 10:58 B C:\85A\LAZARUS_T5\LAZ_2024\LAZ_2024\TEMPLOT5_OUTPUT\internal\hlp\tickbox_ticked.png --> www.c7514493.myzen.co.uk /templot5_laz_backup/LAZ_2024/TEMPLOT5_OUTPUT/internal/hlp tickbox_ticked.png
2024.08.22 10:58 B C:\85A\LAZARUS_T5\LAZ_2024\LAZ_2024\TEMPLOT5_OUTPUT\internal\hlp\tickbox_unticked.png --> www.c7514493.myzen.co.uk /templot5_laz_backup/LAZ_2024/TEMPLOT5_OUTPUT/internal/hlp tickbox_unticked.png
2024.08.22 10:58 B C:\85A\LAZARUS_T5\LAZ_2024\LAZ_2024\TEMPLOT5_OUTPUT\internal\hlp\tree_symbol.gif --> www.c7514493.myzen.co.uk /templot5_laz_backup/LAZ_2024/TEMPLOT5_OUTPUT/internal/hlp tree_symbol.gif
2024.08.22 10:58 B C:\85A\LAZARUS_T5\LAZ_2024\LAZ_2024\TEMPLOT5_OUTPUT\internal\hlp\ts_ms_indications.png --> www.c7514493.myzen.co.uk /templot5_laz_backup/LAZ_2024/TEMPLOT5_OUTPUT/internal/hlp ts_ms_indications.png
2024.08.22 10:58 B C:\85A\LAZARUS_T5\LAZ_2024\LAZ_2024\TEMPLOT5_OUTPUT\internal\hlp\undo_changes.png --> www.c7514493.myzen.co.uk /templot5_laz_backup/LAZ_2024/TEMPLOT5_OUTPUT/internal/hlp undo_changes.png
2024.08.22 10:58 B C:\85A\LAZARUS_T5\LAZ_2024\LAZ_2024\TEMPLOT5_OUTPUT\internal\hlp\viewer_loading.png --> www.c7514493.myzen.co.uk /templot5_laz_backup/LAZ_2024/TEMPLOT5_OUTPUT/internal/hlp viewer_loading.png
2024.08.22 10:58 B C:\85A\LAZARUS_T5\LAZ_2024\LAZ_2024\TEMPLOT5_OUTPUT\internal\hlp\wait_signal.png --> www.c7514493.myzen.co.uk /templot5_laz_backup/LAZ_2024/TEMPLOT5_OUTPUT/internal/hlp wait_signal.png
2024.08.22 10:58 B C:\85A\LAZARUS_T5\LAZ_2024\LAZ_2024\TEMPLOT5_OUTPUT\internal\hlp\wait_signal_trans.gif --> www.c7514493.myzen.co.uk /templot5_laz_backup/LAZ_2024/TEMPLOT5_OUTPUT/internal/hlp wait_signal_trans.gif
